00400000 default file=/scratch/gapbs/bc mapped=3 N1=3 kernelpagesize_kB=4
00403000 default file=/scratch/gapbs/bc mapped=15 N1=15 kernelpagesize_kB=4
00412000 default file=/scratch/gapbs/bc mapped=3 N1=3 kernelpagesize_kB=4
00415000 default file=/scratch/gapbs/bc anon=1 dirty=1 active=0 N1=1 kernelpagesize_kB=4
00416000 default file=/scratch/gapbs/bc anon=1 dirty=1 active=0 N1=1 kernelpagesize_kB=4
01932000 default heap anon=10 dirty=10 active=0 N0=10 kernelpagesize_kB=4
7f6cdffef000 bind:2 anon=3837524 dirty=3837524 active=0 N2=3837524 kernelpagesize_kB=4
7f70cee69000 default anon=3 dirty=3 active=0 N0=3 kernelpagesize_kB=4
7f70ceed8000 default anon=1 dirty=1 active=0 N0=1 kernelpagesize_kB=4
7f710db03000 bind:2 anon=262145 dirty=262145 active=0 N2=262145 kernelpagesize_kB=4
7f714db04000 default
7f714db05000 default anon=5 dirty=5 active=0 N0=5 kernelpagesize_kB=4
7f714e305000 default file=/dev/shm/SCHEDULER_SHM dirty=358 mapmax=4 active=18 N0=358 kernelpagesize_kB=4
7f714e46b000 default anon=34 dirty=34 active=0 N0=34 kernelpagesize_kB=4
7f714e4bf000 default anon=66 dirty=66 active=0 N0=66 kernelpagesize_kB=4
7f714e53d000 default anon=10 dirty=10 active=0 N0=10 kernelpagesize_kB=4
7f714e549000 default anon=4 dirty=4 active=0 N0=4 kernelpagesize_kB=4
7f714e54d000 default file=/usr/lib64/libcapstone.so.4 mapped=455 mapmax=3 N0=455 kernelpagesize_kB=4
7f714e714000 default file=/usr/lib64/libcapstone.so.4 mapped=43 mapmax=3 N0=43 kernelpagesize_kB=4
7f714e7cd000 default file=/usr/lib64/libcapstone.so.4 mapped=398 mapmax=3 N0=398 kernelpagesize_kB=4
7f714e9fa000 default file=/usr/lib64/libcapstone.so.4 anon=328 dirty=328 active=0 N0=328 kernelpagesize_kB=4
7f714eb42000 default file=/usr/lib64/libcapstone.so.4 anon=13 dirty=13 mapped=67 mapmax=3 active=54 N0=67 kernelpagesize_kB=4
7f714ebaf000 default anon=2 dirty=2 active=0 N0=2 kernelpagesize_kB=4
7f714ebb1000 default file=/usr/lib64/libdl-2.31.so mapped=2 mapmax=48 N0=2 kernelpagesize_kB=4
7f714ebb3000 default file=/usr/lib64/libdl-2.31.so mapped=2 mapmax=47 N0=2 kernelpagesize_kB=4
7f714ebb5000 default file=/usr/lib64/libdl-2.31.so
7f714ebb6000 default file=/usr/lib64/libdl-2.31.so anon=1 dirty=1 active=0 N0=1 kernelpagesize_kB=4
7f714ebb7000 default anon=1 dirty=1 active=0 N0=1 kernelpagesize_kB=4
7f714ebb8000 default file=/usr/lib64/libsyscall_intercept.so.0 mapped=5 mapmax=3 N0=5 kernelpagesize_kB=4
7f714ebbd000 default file=/usr/lib64/libsyscall_intercept.so.0 mapped=5 mapmax=3 N0=5 kernelpagesize_kB=4
7f714ebc2000 default file=/usr/lib64/libsyscall_intercept.so.0 mapped=4 mapmax=3 N0=4 kernelpagesize_kB=4
7f714ebc6000 default file=/usr/lib64/libsyscall_intercept.so.0 anon=5 dirty=5 active=0 N0=5 kernelpagesize_kB=4
7f714ebcb000 default file=/usr/lib64/libsyscall_intercept.so.0 anon=1 dirty=1 active=0 N0=1 kernelpagesize_kB=4
7f714ebcc000 default
7f714ebdc000 default anon=25 dirty=25 active=0 N0=25 kernelpagesize_kB=4
7f714ecdb000 default anon=1 dirty=1 active=0 N0=1 kernelpagesize_kB=4
7f714ecdc000 default file=/usr/lib64/libnuma.so.1.0.0 mapped=3 mapmax=4 N1=3 kernelpagesize_kB=4
7f714ecdf000 default file=/usr/lib64/libnuma.so.1.0.0 mapped=6 mapmax=4 N1=6 kernelpagesize_kB=4
7f714ece5000 default file=/usr/lib64/libnuma.so.1.0.0 mapped=2 mapmax=4 N1=2 kernelpagesize_kB=4
7f714ece7000 default file=/usr/lib64/libnuma.so.1.0.0
7f714ece8000 default file=/usr/lib64/libnuma.so.1.0.0 anon=1 dirty=1 active=0 N0=1 kernelpagesize_kB=4
7f714ece9000 default file=/usr/lib64/libnuma.so.1.0.0 anon=1 dirty=1 active=0 N0=1 kernelpagesize_kB=4
7f714ecea000 default file=/usr/lib64/librt-2.31.so mapped=3 mapmax=39 N0=3 kernelpagesize_kB=4
7f714eced000 default file=/usr/lib64/librt-2.31.so mapped=3 mapmax=39 N0=3 kernelpagesize_kB=4
7f714ecf1000 default file=/usr/lib64/librt-2.31.so
7f714ecf2000 default file=/usr/lib64/librt-2.31.so
7f714ecf3000 default file=/usr/lib64/librt-2.31.so anon=1 dirty=1 active=0 N0=1 kernelpagesize_kB=4
7f714ecf4000 default file=/usr/lib64/librt-2.31.so anon=1 dirty=1 active=0 N0=1 kernelpagesize_kB=4
7f714ecf5000 default file=/usr/lib64/libc-2.31.so mapped=37 mapmax=54 N0=37 kernelpagesize_kB=4
7f714ed1a000 default file=/usr/lib64/libc-2.31.so anon=113 dirty=113 mapped=335 mapmax=62 active=222 N0=333 N1=1 N2=1 kernelpagesize_kB=4
7f714ee69000 default file=/usr/lib64/libc-2.31.so mapped=1 mapmax=28 N0=1 kernelpagesize_kB=4
7f714ee6a000 default file=/usr/lib64/libc-2.31.so mapped=37 mapmax=62 N0=37 kernelpagesize_kB=4
7f714eeb5000 default file=/usr/lib64/libc-2.31.so anon=3 dirty=3 active=0 N0=3 kernelpagesize_kB=4
7f714eeb8000 default file=/usr/lib64/libc-2.31.so anon=3 dirty=3 active=0 N0=3 kernelpagesize_kB=4
7f714eebb000 default anon=4 dirty=4 active=0 N0=4 kernelpagesize_kB=4
7f714eec1000 default file=/usr/lib64/libpthread-2.31.so mapped=7 mapmax=46 N0=7 kernelpagesize_kB=4
7f714eec8000 default file=/usr/lib64/libpthread-2.31.so anon=16 dirty=16 active=0 N0=16 kernelpagesize_kB=4
7f714eed8000 default file=/usr/lib64/libpthread-2.31.so mapped=5 mapmax=21 N0=5 kernelpagesize_kB=4
7f714eedd000 default file=/usr/lib64/libpthread-2.31.so anon=1 dirty=1 active=0 N0=1 kernelpagesize_kB=4
7f714eede000 default file=/usr/lib64/libpthread-2.31.so anon=1 dirty=1 active=0 N0=1 kernelpagesize_kB=4
7f714eedf000 default anon=1 dirty=1 active=0 N0=1 kernelpagesize_kB=4
7f714eee3000 default file=/usr/lib64/libgcc_s-10-20210422.so.1 mapped=3 mapmax=37 N0=3 kernelpagesize_kB=4
7f714eee6000 default file=/usr/lib64/libgcc_s-10-20210422.so.1 mapped=16 mapmax=36 N0=16 kernelpagesize_kB=4
7f714eef8000 default file=/usr/lib64/libgcc_s-10-20210422.so.1 mapped=4 mapmax=36 N0=4 kernelpagesize_kB=4
7f714eefc000 default file=/usr/lib64/libgcc_s-10-20210422.so.1 anon=1 dirty=1 active=0 N0=1 kernelpagesize_kB=4
7f714eefd000 default file=/usr/lib64/libgcc_s-10-20210422.so.1 anon=1 dirty=1 active=0 N0=1 kernelpagesize_kB=4
7f714eefe000 default file=/usr/lib64/libgomp.so.1.0.0 mapped=9 N1=9 kernelpagesize_kB=4
7f714ef07000 default file=/usr/lib64/libgomp.so.1.0.0 mapped=43 N1=43 kernelpagesize_kB=4
7f714ef32000 default file=/usr/lib64/libgomp.so.1.0.0 mapped=12 N1=12 kernelpagesize_kB=4
7f714ef3e000 default file=/usr/lib64/libgomp.so.1.0.0 anon=1 dirty=1 active=0 N0=1 kernelpagesize_kB=4
7f714ef3f000 default file=/usr/lib64/libgomp.so.1.0.0 anon=1 dirty=1 active=0 N0=1 kernelpagesize_kB=4
7f714ef40000 default file=/usr/lib64/libm-2.31.so mapped=15 mapmax=25 N0=15 kernelpagesize_kB=4
7f714ef4f000 default file=/usr/lib64/libm-2.31.so mapped=62 mapmax=25 N0=62 kernelpagesize_kB=4
7f714efea000 default file=/usr/lib64/libm-2.31.so
7f714f083000 default file=/usr/lib64/libm-2.31.so anon=1 dirty=1 active=0 N0=1 kernelpagesize_kB=4
7f714f084000 default file=/usr/lib64/libm-2.31.so anon=1 dirty=1 active=0 N0=1 kernelpagesize_kB=4
7f714f085000 default file=/usr/lib64/libstdc++.so.6.0.28 mapped=150 mapmax=7 N0=38 N1=112 kernelpagesize_kB=4
7f714f11b000 default file=/usr/lib64/libstdc++.so.6.0.28 mapped=156 mapmax=7 N0=44 N1=112 kernelpagesize_kB=4
7f714f213000 default file=/usr/lib64/libstdc++.so.6.0.28 mapped=16 mapmax=7 N0=15 N1=1 kernelpagesize_kB=4
7f714f263000 default file=/usr/lib64/libstdc++.so.6.0.28
7f714f264000 default file=/usr/lib64/libstdc++.so.6.0.28 anon=11 dirty=11 active=0 N0=11 kernelpagesize_kB=4
7f714f26f000 default file=/usr/lib64/libstdc++.so.6.0.28 anon=3 dirty=3 active=0 N0=2 N1=1 kernelpagesize_kB=4
7f714f272000 default anon=3 dirty=3 active=0 N0=3 kernelpagesize_kB=4
7f714f280000 default anon=2 dirty=2 active=0 N0=2 kernelpagesize_kB=4
7f714f282000 default anon=4 dirty=4 active=0 N0=4 kernelpagesize_kB=4
7f714f288000 default file=/ihome/dmosse/dmoura/online_scheduler/mmap_intercept.so mapped=2 mapmax=3 N1=2 kernelpagesize_kB=4
7f714f28a000 default file=/ihome/dmosse/dmoura/online_scheduler/mmap_intercept.so mapped=3 mapmax=3 N1=3 kernelpagesize_kB=4
7f714f28d000 default file=/ihome/dmosse/dmoura/online_scheduler/mmap_intercept.so mapped=1 mapmax=3 N1=1 kernelpagesize_kB=4
7f714f28e000 default file=/ihome/dmosse/dmoura/online_scheduler/mmap_intercept.so anon=1 dirty=1 active=0 N1=1 kernelpagesize_kB=4
7f714f28f000 default file=/ihome/dmosse/dmoura/online_scheduler/mmap_intercept.so anon=1 dirty=1 active=0 N0=1 kernelpagesize_kB=4
7f714f290000 default anon=2 dirty=2 active=0 N0=2 kernelpagesize_kB=4
7f714f292000 default file=/usr/lib64/ld-2.31.so mapped=2 mapmax=54 N0=2 kernelpagesize_kB=4
7f714f294000 default file=/usr/lib64/ld-2.31.so mapped=33 mapmax=61 N0=33 kernelpagesize_kB=4
7f714f2b5000 default file=/usr/lib64/ld-2.31.so mapped=8 mapmax=58 N0=8 kernelpagesize_kB=4
7f714f2be000 default file=/usr/lib64/ld-2.31.so anon=1 dirty=1 active=0 N1=1 kernelpagesize_kB=4
7f714f2bf000 default file=/usr/lib64/ld-2.31.so anon=1 dirty=1 active=0 N0=1 kernelpagesize_kB=4
7f714f2c0000 default anon=1 dirty=1 active=0 N0=1 kernelpagesize_kB=4
7ffc4e701000 default stack anon=164 dirty=164 active=0 N0=163 N1=1 kernelpagesize_kB=4
7ffc4e7a5000 default anon=1 dirty=1 N0=1 kernelpagesize_kB=4
7ffc4e7e7000 default
7ffc4e7eb000 default
