00400000 default file=/scratch/gapbs/bc mapped=3 N1=3 kernelpagesize_kB=4
00403000 default file=/scratch/gapbs/bc mapped=15 N1=15 kernelpagesize_kB=4
00412000 default file=/scratch/gapbs/bc mapped=3 N1=3 kernelpagesize_kB=4
00415000 default file=/scratch/gapbs/bc anon=1 dirty=1 active=0 N1=1 kernelpagesize_kB=4
00416000 default file=/scratch/gapbs/bc anon=1 dirty=1 active=0 N0=1 kernelpagesize_kB=4
00bbe000 default heap anon=27 dirty=27 active=0 N0=27 kernelpagesize_kB=4
7f74a0000000 bind:2 anon=17 dirty=17 active=0 N2=17 kernelpagesize_kB=4
7f74a0021000 bind:2
7f74a8000000 bind:2 anon=17 dirty=17 active=0 N2=17 kernelpagesize_kB=4
7f74a8021000 bind:2
7f74b0000000 bind:2 anon=17 dirty=17 active=0 N2=17 kernelpagesize_kB=4
7f74b0021000 bind:2
7f74b8000000 bind:2 anon=17 dirty=17 active=0 N2=17 kernelpagesize_kB=4
7f74b8021000 bind:2
7f74c0000000 bind:2 anon=17 dirty=17 active=0 N2=17 kernelpagesize_kB=4
7f74c0021000 bind:2
7f74c8000000 bind:2 anon=17 dirty=17 active=0 N2=17 kernelpagesize_kB=4
7f74c8021000 bind:2
7f74d0000000 bind:2 anon=17 dirty=17 active=0 N2=17 kernelpagesize_kB=4
7f74d0021000 bind:2
7f74d8000000 bind:2 anon=17 dirty=17 active=0 N2=17 kernelpagesize_kB=4
7f74d8021000 bind:2
7f74e0000000 bind:2 anon=17 dirty=17 active=0 N2=17 kernelpagesize_kB=4
7f74e0021000 bind:2
7f74e8000000 bind:2 anon=17 dirty=17 active=0 N2=17 kernelpagesize_kB=4
7f74e8021000 bind:2
7f74f0000000 bind:2 anon=17 dirty=17 active=0 N2=17 kernelpagesize_kB=4
7f74f0021000 bind:2
7f74f8000000 bind:2 anon=17 dirty=17 active=0 N2=17 kernelpagesize_kB=4
7f74f8021000 bind:2
7f7500000000 bind:2 anon=17 dirty=17 active=0 N2=17 kernelpagesize_kB=4
7f7500021000 bind:2
7f7508000000 bind:2 anon=17 dirty=17 active=0 N2=17 kernelpagesize_kB=4
7f7508021000 bind:2
7f7510000000 bind:2 anon=17 dirty=17 active=0 N2=17 kernelpagesize_kB=4
7f7510021000 bind:2
7f7515e00000 bind:2 anon=131073 dirty=131073 active=0 N2=131073 kernelpagesize_kB=4
7f7535e01000 bind:0 anon=2049 dirty=2049 active=0 N0=2049 kernelpagesize_kB=4
7f7536602000 bind:2 anon=260095 dirty=260095 active=0 N2=260095 kernelpagesize_kB=4
7f7575e02000 bind:0 anon=2049 dirty=2049 active=0 N0=2049 kernelpagesize_kB=4
7f7576603000 bind:2 anon=4384378 dirty=4384378 active=0 N2=4384378 kernelpagesize_kB=4
7f79a4c7d000 default anon=3 dirty=3 active=0 N0=3 kernelpagesize_kB=4
7f79a4cec000 default anon=1 dirty=1 active=0 N0=1 kernelpagesize_kB=4
7f79ac000000 bind:2 anon=17 dirty=17 active=0 N2=17 kernelpagesize_kB=4
7f79ac021000 bind:2
7f79b4000000 bind:2 anon=17 dirty=17 active=0 N2=17 kernelpagesize_kB=4
7f79b4021000 bind:2
7f79bb105000 bind:0 anon=2049 dirty=2049 active=0 N0=2049 kernelpagesize_kB=4
7f79bb906000 bind:2 anon=56417 dirty=56417 active=0 N2=56417 kernelpagesize_kB=4
7f79db106000 bind:0
7f79db107000 bind:0 anon=2 dirty=2 active=0 N0=2 kernelpagesize_kB=4
7f79db907000 bind:0
7f79db908000 bind:0 anon=2 dirty=2 active=0 N0=2 kernelpagesize_kB=4
7f79dc108000 bind:0
7f79dc109000 bind:0 anon=2 dirty=2 active=0 N0=2 kernelpagesize_kB=4
7f79dc909000 bind:0
7f79dc90a000 bind:0 anon=2 dirty=2 active=0 N0=2 kernelpagesize_kB=4
7f79dd10a000 bind:0
7f79dd10b000 bind:0 anon=2 dirty=2 active=0 N0=2 kernelpagesize_kB=4
7f79dd90b000 bind:0
7f79dd90c000 bind:0 anon=2 dirty=2 active=0 N0=2 kernelpagesize_kB=4
7f79de10c000 bind:0
7f79de10d000 bind:0 anon=2 dirty=2 active=0 N0=2 kernelpagesize_kB=4
7f79de90d000 bind:0
7f79de90e000 bind:0 anon=2 dirty=2 active=0 N0=2 kernelpagesize_kB=4
7f79df10e000 bind:0
7f79df10f000 bind:0 anon=2 dirty=2 active=0 N0=2 kernelpagesize_kB=4
7f79df90f000 bind:0
7f79df910000 bind:0 anon=4 dirty=4 active=0 N0=4 kernelpagesize_kB=4
7f79e0110000 bind:0
7f79e0111000 bind:0 anon=4 dirty=4 active=0 N0=4 kernelpagesize_kB=4
7f79e0911000 bind:0
7f79e0912000 bind:0 anon=2 dirty=2 active=0 N0=2 kernelpagesize_kB=4
7f79e1112000 bind:0
7f79e1113000 bind:0 anon=2 dirty=2 active=0 N0=2 kernelpagesize_kB=4
7f79e1913000 bind:0
7f79e1914000 bind:0 anon=4 dirty=4 active=0 N0=4 kernelpagesize_kB=4
7f79e2114000 bind:0
7f79e2115000 bind:0 anon=2 dirty=2 active=0 N0=2 kernelpagesize_kB=4
7f79e2915000 bind:0
7f79e2916000 bind:0 anon=4 dirty=4 active=0 N0=4 kernelpagesize_kB=4
7f79e3116000 bind:0
7f79e3117000 bind:0 anon=2 dirty=2 active=0 N0=2 kernelpagesize_kB=4
7f79e41a3000 bind:0 anon=2049 dirty=2049 active=0 N0=2049 kernelpagesize_kB=4
7f79e49a4000 bind:2 anon=126835 dirty=126835 active=0 N2=126835 kernelpagesize_kB=4
7f7a03917000 bind:0 anon=2049 dirty=2049 active=0 N0=2049 kernelpagesize_kB=4
7f7a04118000 bind:2 anon=129024 dirty=129024 active=0 N2=129024 kernelpagesize_kB=4
7f7a23918000 default
7f7a23919000 default anon=5 dirty=5 active=0 N0=5 kernelpagesize_kB=4
7f7a24119000 default file=/dev/shm/SCHEDULER_SHM dirty=358 mapmax=4 active=201 N0=358 kernelpagesize_kB=4
7f7a2427f000 default anon=34 dirty=34 active=0 N0=34 kernelpagesize_kB=4
7f7a242d3000 default anon=66 dirty=66 active=0 N0=66 kernelpagesize_kB=4
7f7a24351000 default anon=10 dirty=10 active=0 N0=10 kernelpagesize_kB=4
7f7a2435d000 default anon=4 dirty=4 active=0 N0=4 kernelpagesize_kB=4
7f7a24361000 default file=/usr/lib64/libcapstone.so.4 mapped=455 mapmax=3 N0=455 kernelpagesize_kB=4
7f7a24528000 default file=/usr/lib64/libcapstone.so.4 mapped=47 mapmax=3 N0=47 kernelpagesize_kB=4
7f7a245e1000 default file=/usr/lib64/libcapstone.so.4 mapped=379 mapmax=3 N0=379 kernelpagesize_kB=4
7f7a2480e000 default file=/usr/lib64/libcapstone.so.4 anon=328 dirty=328 active=0 N0=328 kernelpagesize_kB=4
7f7a24956000 default file=/usr/lib64/libcapstone.so.4 anon=13 dirty=13 mapped=63 mapmax=3 active=50 N0=63 kernelpagesize_kB=4
7f7a249c3000 default anon=2 dirty=2 active=0 N0=2 kernelpagesize_kB=4
7f7a249c5000 default file=/usr/lib64/libdl-2.31.so mapped=2 mapmax=48 N0=2 kernelpagesize_kB=4
7f7a249c7000 default file=/usr/lib64/libdl-2.31.so mapped=2 mapmax=47 N0=2 kernelpagesize_kB=4
7f7a249c9000 default file=/usr/lib64/libdl-2.31.so
7f7a249ca000 default file=/usr/lib64/libdl-2.31.so anon=1 dirty=1 active=0 N0=1 kernelpagesize_kB=4
7f7a249cb000 default anon=1 dirty=1 active=0 N0=1 kernelpagesize_kB=4
7f7a249cc000 default file=/usr/lib64/libsyscall_intercept.so.0 mapped=5 mapmax=3 N0=5 kernelpagesize_kB=4
7f7a249d1000 default file=/usr/lib64/libsyscall_intercept.so.0 mapped=5 mapmax=3 N0=5 kernelpagesize_kB=4
7f7a249d6000 default file=/usr/lib64/libsyscall_intercept.so.0 mapped=4 mapmax=3 N0=4 kernelpagesize_kB=4
7f7a249da000 default file=/usr/lib64/libsyscall_intercept.so.0 anon=5 dirty=5 active=0 N0=5 kernelpagesize_kB=4
7f7a249df000 default file=/usr/lib64/libsyscall_intercept.so.0 anon=1 dirty=1 active=0 N0=1 kernelpagesize_kB=4
7f7a249e0000 default
7f7a249f0000 default anon=25 dirty=25 active=0 N0=25 kernelpagesize_kB=4
7f7a24aef000 default anon=1 dirty=1 active=0 N0=1 kernelpagesize_kB=4
7f7a24af0000 default file=/usr/lib64/libnuma.so.1.0.0 mapped=3 mapmax=4 N1=3 kernelpagesize_kB=4
7f7a24af3000 default file=/usr/lib64/libnuma.so.1.0.0 mapped=6 mapmax=4 N1=6 kernelpagesize_kB=4
7f7a24af9000 default file=/usr/lib64/libnuma.so.1.0.0 mapped=2 mapmax=4 N1=2 kernelpagesize_kB=4
7f7a24afb000 default file=/usr/lib64/libnuma.so.1.0.0
7f7a24afc000 default file=/usr/lib64/libnuma.so.1.0.0 anon=1 dirty=1 active=0 N0=1 kernelpagesize_kB=4
7f7a24afd000 default file=/usr/lib64/libnuma.so.1.0.0 anon=1 dirty=1 active=0 N0=1 kernelpagesize_kB=4
7f7a24afe000 default file=/usr/lib64/librt-2.31.so mapped=3 mapmax=39 N0=3 kernelpagesize_kB=4
7f7a24b01000 default file=/usr/lib64/librt-2.31.so mapped=3 mapmax=39 N0=3 kernelpagesize_kB=4
7f7a24b05000 default file=/usr/lib64/librt-2.31.so
7f7a24b06000 default file=/usr/lib64/librt-2.31.so
7f7a24b07000 default file=/usr/lib64/librt-2.31.so anon=1 dirty=1 active=0 N0=1 kernelpagesize_kB=4
7f7a24b08000 default file=/usr/lib64/librt-2.31.so anon=1 dirty=1 active=0 N0=1 kernelpagesize_kB=4
7f7a24b09000 default file=/usr/lib64/libc-2.31.so mapped=37 mapmax=54 N0=37 kernelpagesize_kB=4
7f7a24b2e000 default file=/usr/lib64/libc-2.31.so anon=113 dirty=113 mapped=335 mapmax=62 active=222 N0=333 N1=1 N2=1 kernelpagesize_kB=4
7f7a24c7d000 default file=/usr/lib64/libc-2.31.so mapped=1 mapmax=27 N0=1 kernelpagesize_kB=4
7f7a24c7e000 default file=/usr/lib64/libc-2.31.so mapped=48 mapmax=62 N0=48 kernelpagesize_kB=4
7f7a24cc9000 default file=/usr/lib64/libc-2.31.so anon=3 dirty=3 active=0 N0=3 kernelpagesize_kB=4
7f7a24ccc000 default file=/usr/lib64/libc-2.31.so anon=3 dirty=3 active=0 N0=3 kernelpagesize_kB=4
7f7a24ccf000 default anon=4 dirty=4 active=0 N0=4 kernelpagesize_kB=4
7f7a24cd5000 default file=/usr/lib64/libpthread-2.31.so mapped=7 mapmax=46 N0=7 kernelpagesize_kB=4
7f7a24cdc000 default file=/usr/lib64/libpthread-2.31.so anon=16 dirty=16 active=0 N0=16 kernelpagesize_kB=4
7f7a24cec000 default file=/usr/lib64/libpthread-2.31.so mapped=5 mapmax=21 N0=5 kernelpagesize_kB=4
7f7a24cf1000 default file=/usr/lib64/libpthread-2.31.so anon=1 dirty=1 active=0 N0=1 kernelpagesize_kB=4
7f7a24cf2000 default file=/usr/lib64/libpthread-2.31.so anon=1 dirty=1 active=0 N0=1 kernelpagesize_kB=4
7f7a24cf3000 default anon=1 dirty=1 active=0 N0=1 kernelpagesize_kB=4
7f7a24cf7000 default file=/usr/lib64/libgcc_s-10-20210422.so.1 mapped=3 mapmax=37 N0=3 kernelpagesize_kB=4
7f7a24cfa000 default file=/usr/lib64/libgcc_s-10-20210422.so.1 mapped=16 mapmax=36 N0=16 kernelpagesize_kB=4
7f7a24d0c000 default file=/usr/lib64/libgcc_s-10-20210422.so.1 mapped=4 mapmax=36 N0=4 kernelpagesize_kB=4
7f7a24d10000 default file=/usr/lib64/libgcc_s-10-20210422.so.1 anon=1 dirty=1 active=0 N0=1 kernelpagesize_kB=4
7f7a24d11000 default file=/usr/lib64/libgcc_s-10-20210422.so.1 anon=1 dirty=1 active=0 N0=1 kernelpagesize_kB=4
7f7a24d12000 default file=/usr/lib64/libgomp.so.1.0.0 mapped=9 N1=9 kernelpagesize_kB=4
7f7a24d1b000 default file=/usr/lib64/libgomp.so.1.0.0 mapped=43 N1=43 kernelpagesize_kB=4
7f7a24d46000 default file=/usr/lib64/libgomp.so.1.0.0 mapped=12 N1=12 kernelpagesize_kB=4
7f7a24d52000 default file=/usr/lib64/libgomp.so.1.0.0 anon=1 dirty=1 active=0 N0=1 kernelpagesize_kB=4
7f7a24d53000 default file=/usr/lib64/libgomp.so.1.0.0 anon=1 dirty=1 active=0 N0=1 kernelpagesize_kB=4
7f7a24d54000 default file=/usr/lib64/libm-2.31.so mapped=15 mapmax=25 N0=15 kernelpagesize_kB=4
7f7a24d63000 default file=/usr/lib64/libm-2.31.so mapped=74 mapmax=25 N0=74 kernelpagesize_kB=4
7f7a24dfe000 default file=/usr/lib64/libm-2.31.so
7f7a24e97000 default file=/usr/lib64/libm-2.31.so anon=1 dirty=1 active=0 N0=1 kernelpagesize_kB=4
7f7a24e98000 default file=/usr/lib64/libm-2.31.so anon=1 dirty=1 active=0 N0=1 kernelpagesize_kB=4
7f7a24e99000 default file=/usr/lib64/libstdc++.so.6.0.28 mapped=150 mapmax=7 N0=38 N1=112 kernelpagesize_kB=4
7f7a24f2f000 default file=/usr/lib64/libstdc++.so.6.0.28 mapped=171 mapmax=7 N0=44 N1=127 kernelpagesize_kB=4
7f7a25027000 default file=/usr/lib64/libstdc++.so.6.0.28 mapped=16 mapmax=7 N0=15 N1=1 kernelpagesize_kB=4
7f7a25077000 default file=/usr/lib64/libstdc++.so.6.0.28
7f7a25078000 default file=/usr/lib64/libstdc++.so.6.0.28 anon=11 dirty=11 active=0 N0=11 kernelpagesize_kB=4
7f7a25083000 default file=/usr/lib64/libstdc++.so.6.0.28 anon=3 dirty=3 active=0 N0=3 kernelpagesize_kB=4
7f7a25086000 default anon=3 dirty=3 active=0 N0=3 kernelpagesize_kB=4
7f7a25094000 default anon=2 dirty=2 active=0 N0=2 kernelpagesize_kB=4
7f7a25096000 default anon=4 dirty=4 active=0 N0=4 kernelpagesize_kB=4
7f7a2509c000 default file=/ihome/dmosse/dmoura/online_scheduler/mmap_intercept.so mapped=2 mapmax=3 N1=2 kernelpagesize_kB=4
7f7a2509e000 default file=/ihome/dmosse/dmoura/online_scheduler/mmap_intercept.so mapped=3 mapmax=3 N1=3 kernelpagesize_kB=4
7f7a250a1000 default file=/ihome/dmosse/dmoura/online_scheduler/mmap_intercept.so mapped=1 mapmax=3 N1=1 kernelpagesize_kB=4
7f7a250a2000 default file=/ihome/dmosse/dmoura/online_scheduler/mmap_intercept.so anon=1 dirty=1 active=0 N0=1 kernelpagesize_kB=4
7f7a250a3000 default file=/ihome/dmosse/dmoura/online_scheduler/mmap_intercept.so anon=1 dirty=1 active=0 N0=1 kernelpagesize_kB=4
7f7a250a4000 default anon=2 dirty=2 active=0 N0=2 kernelpagesize_kB=4
7f7a250a6000 default file=/usr/lib64/ld-2.31.so mapped=2 mapmax=54 N0=2 kernelpagesize_kB=4
7f7a250a8000 default file=/usr/lib64/ld-2.31.so mapped=33 mapmax=61 N0=33 kernelpagesize_kB=4
7f7a250c9000 default file=/usr/lib64/ld-2.31.so mapped=8 mapmax=58 N0=8 kernelpagesize_kB=4
7f7a250d2000 default file=/usr/lib64/ld-2.31.so anon=1 dirty=1 active=0 N1=1 kernelpagesize_kB=4
7f7a250d3000 default file=/usr/lib64/ld-2.31.so anon=1 dirty=1 active=0 N0=1 kernelpagesize_kB=4
7f7a250d4000 default anon=1 dirty=1 active=0 N0=1 kernelpagesize_kB=4
7fff692ea000 default stack anon=165 dirty=165 active=0 N0=165 kernelpagesize_kB=4
7fff6938f000 default anon=1 dirty=1 N0=1 kernelpagesize_kB=4
7fff693c8000 default
7fff693cc000 default
